./msgcheck.pl 1500  < /SYSTEM/LOG_COM/msglog/msg130308.log > do_msgcheck_after_1500.log
0013002   2013/03/08 15:01:12 fs00  ##. ノード間通信路障害復旧  sgu02
0013002   2013/03/08 15:01:12 sgp10  ##. ノード間通信路障害復旧  sgu02
0013002   2013/03/08 15:01:12 sgp11  ##. ノード間通信路障害復旧  sgu02
0017011   2013/03/08 15:01:18 fs00  #.. 装置状態変更通知 sgu02    st=ous         md=uum
0013001   2013/03/08 15:02:06 sgp11  *** ノード間通信路障害  sgu03
0013001   2013/03/08 15:02:07 fs00  *** ノード間通信路障害  sgu03
0013001   2013/03/08 15:02:07 sgp10  *** ノード間通信路障害  sgu03
2184001   2013/03/08 15:05:02 ggp10  #.. パケット課金情報収集開始
2184002   2013/03/08 15:05:02 ggp10  #.. パケット課金情報収集終了
0013002   2013/03/08 15:06:07 fs00  ##. ノード間通信路障害復旧  sgu03
0013002   2013/03/08 15:06:07 sgp10  ##. ノード間通信路障害復旧  sgu03
0013002   2013/03/08 15:06:07 sgp11  ##. ノード間通信路障害復旧  sgu03
0017011   2013/03/08 15:06:13 fs00  #.. 装置状態変更通知 sgu03    st=ous         md=uum
0013001   2013/03/08 15:06:50 sgp10  *** ノード間通信路障害  sgu04
0013001   2013/03/08 15:06:50 sgp11  *** ノード間通信路障害  sgu04
0013001   2013/03/08 15:06:50 fs00  *** ノード間通信路障害  sgu04
1156105   2013/03/08 15:07:01 fs00  #.. トラヒック短周期観測ファイル作成失敗通知
1156105   2013/03/08 15:08:01 fs00  #.. トラヒック短周期観測ファイル作成失敗通知
1156105   2013/03/08 15:09:01 fs00  #.. トラヒック短周期観測ファイル作成失敗通知
1156105   2013/03/08 15:10:01 fs00  #.. トラヒック短周期観測ファイル作成失敗通知
2184001   2013/03/08 15:10:02 ggp10  #.. パケット課金情報収集開始
2184002   2013/03/08 15:10:03 ggp10  #.. パケット課金情報収集終了
0013002   2013/03/08 15:10:51 fs00  ##. ノード間通信路障害復旧  sgu04
0013002   2013/03/08 15:10:51 sgp10  ##. ノード間通信路障害復旧  sgu04
0013002   2013/03/08 15:10:51 sgp11  ##. ノード間通信路障害復旧  sgu04
0017011   2013/03/08 15:10:59 fs00  #.. 装置状態変更通知 sgu04    st=ous         md=uum
1156105   2013/03/08 15:11:01 fs00  #.. トラヒック短周期観測ファイル作成失敗通知
1156105   2013/03/08 15:12:01 fs00  #.. トラヒック短周期観測ファイル作成失敗通知
0017011   2013/03/08 15:12:25 fs00  #.. 装置状態変更通知 sgu00    st=pof         md=uum
0018054   2013/03/08 15:12:25 fs0  **. ＳＳＷポートリンクＤＯＷＮ ssw01 b_port08
0018054   2013/03/08 15:12:25 fs0  **. ＳＳＷポートリンクＤＯＷＮ ssw01 f_port08
0018054   2013/03/08 15:12:26 fs0  **. ＳＳＷポートリンクＤＯＷＮ ssw11 b_port08
0018054   2013/03/08 15:12:26 fs0  **. ＳＳＷポートリンクＤＯＷＮ ssw11 f_port08
0013001   2013/03/08 15:12:30 fs00  *** ノード間通信路障害  sgu00
0013001   2013/03/08 15:12:30 sgp10  *** ノード間通信路障害  sgu00
0013001   2013/03/08 15:12:30 sgp11  *** ノード間通信路障害  sgu00
0017011   2013/03/08 15:12:58 fs00  #.. 装置状態変更通知 sgu00    st=nis         md=uum
1156105   2013/03/08 15:13:01 fs00  #.. トラヒック短周期観測ファイル作成失敗通知


---- message output statistics ---------------------------------------------------------
      9  0013001   *** ノード間通信路障害  sgu00
      9  0013002   ##. ノード間通信路障害復旧  sgu04
      5  0017011   #.. 装置状態変更通知 sgu00    st=nis         md=uum
      4  0018054   **. ＳＳＷポートリンクＤＯＷＮ ssw11 f_port08
      7  1156105   #.. トラヒック短周期観測ファイル作成失敗通知
      2  2184001   #.. パケット課金情報収集開始
      2  2184002   #.. パケット課金情報収集終了
