NxGSN_C FS00@root:#./msgcheck.pl < /SYSTEM/LOG_COM/msglog/msg130308.log
3001050   2013/03/08 00:03:00 fs0  *** 明細ＢＩＬＬ生成時刻異常
2184001   2013/03/08 00:05:02 ggp10  #.. パケット課金情報収集開始
2184002   2013/03/08 00:05:03 ggp10  #.. パケット課金情報収集終了
2184001   2013/03/08 00:10:02 ggp10  #.. パケット課金情報収集開始
2184002   2013/03/08 00:10:02 ggp10  #.. パケット課金情報収集終了
2184001   2013/03/08 00:15:02 ggp10  #.. パケット課金情報収集開始
2184002   2013/03/08 00:15:02 ggp10  #.. パケット課金情報収集終了
2184001   2013/03/08 00:20:02 ggp10  #.. パケット課金情報収集開始
2184002   2013/03/08 00:20:03 ggp10  #.. パケット課金情報収集終了
2184001   2013/03/08 00:25:02 ggp10  #.. パケット課金情報収集開始
2184002   2013/03/08 00:25:02 ggp10  #.. パケット課金情報収集終了
2184001   2013/03/08 00:30:02 ggp10  #.. パケット課金情報収集開始
2184002   2013/03/08 00:30:02 ggp10  #.. パケット課金情報収集終了
2184001   2013/03/08 00:35:02 ggp10  #.. パケット課金情報収集開始
2184002   2013/03/08 00:35:03 ggp10  #.. パケット課金情報収集終了
2184001   2013/03/08 00:40:02 ggp10  #.. パケット課金情報収集開始
2184002   2013/03/08 00:40:02 ggp10  #.. パケット課金情報収集終了
2184001   2013/03/08 00:45:02 ggp10  #.. パケット課金情報収集開始
2184002   2013/03/08 00:45:02 ggp10  #.. パケット課金情報収集終了
2184001   2013/03/08 00:50:02 ggp10  #.. パケット課金情報収集開始
2184002   2013/03/08 00:50:03 ggp10  #.. パケット課金情報収集終了
2184001   2013/03/08 00:55:02 ggp10  #.. パケット課金情報収集開始
2184002   2013/03/08 00:55:02 ggp10  #.. パケット課金情報収集終了
2184001   2013/03/08 01:00:02 ggp10  #.. パケット課金情報収集開始
2184002   2013/03/08 01:00:03 ggp10  #.. パケット課金情報収集終了
2184001   2013/03/08 01:05:02 ggp10  #.. パケット課金情報収集開始
2184002   2013/03/08 01:05:02 ggp10  #.. パケット課金情報収集終了
2184001   2013/03/08 01:10:02 ggp10  #.. パケット課金情報収集開始
2184002   2013/03/08 01:10:02 ggp10  #.. パケット課金情報収集終了
2184001   2013/03/08 01:15:02 ggp10  #.. パケット課金情報収集開始
2184002   2013/03/08 01:15:03 ggp10  #.. パケット課金情報収集終了
2184001   2013/03/08 01:20:02 ggp10  #.. パケット課金情報収集開始
2184002   2013/03/08 01:20:02 ggp10  #.. パケット課金情報収集終了
2184001   2013/03/08 01:25:02 ggp10  #.. パケット課金情報収集開始
2184002   2013/03/08 01:25:02 ggp10  #.. パケット課金情報収集終了
2184001   2013/03/08 01:30:02 ggp10  #.. パケット課金情報収集開始
2184002   2013/03/08 01:30:03 ggp10  #.. パケット課金情報収集終了
2184001   2013/03/08 01:35:02 ggp10  #.. パケット課金情報収集開始
2184002   2013/03/08 01:35:02 ggp10  #.. パケット課金情報収集終了
2184001   2013/03/08 01:40:02 ggp10  #.. パケット課金情報収集開始
2184002   2013/03/08 01:40:03 ggp10  #.. パケット課金情報収集終了
2184001   2013/03/08 01:45:02 ggp10  #.. パケット課金情報収集開始
2184002   2013/03/08 01:45:02 ggp10  #.. パケット課金情報収集終了
2184001   2013/03/08 01:50:02 ggp10  #.. パケット課金情報収集開始
2184002   2013/03/08 01:50:02 ggp10  #.. パケット課金情報収集終了
0022003   2013/03/08 01:50:51 fs00  *.. NTP時刻取得失敗
2184001   2013/03/08 01:55:02 ggp10  #.. パケット課金情報収集開始
2184002   2013/03/08 01:55:03 ggp10  #.. パケット課金情報収集終了
0022003   2013/03/08 01:55:08 fs00  *.. NTP時刻取得失敗
0022003   2013/03/08 01:59:25 fs00  *.. NTP時刻取得失敗
2184001   2013/03/08 02:00:02 ggp10  #.. パケット課金情報収集開始
2184002   2013/03/08 02:00:02 ggp10  #.. パケット課金情報収集終了
0022003   2013/03/08 02:03:42 fs00  *.. NTP時刻取得失敗
2184001   2013/03/08 02:05:02 ggp10  #.. パケット課金情報収集開始
2184002   2013/03/08 02:05:02 ggp10  #.. パケット課金情報収集終了
2184001   2013/03/08 02:10:02 ggp10  #.. パケット課金情報収集開始
2184002   2013/03/08 02:10:03 ggp10  #.. パケット課金情報収集終了
2184001   2013/03/08 02:15:02 ggp10  #.. パケット課金情報収集開始
2184002   2013/03/08 02:15:02 ggp10  #.. パケット課金情報収集終了
2184001   2013/03/08 02:20:02 ggp10  #.. パケット課金情報収集開始
2184002   2013/03/08 02:20:02 ggp10  #.. パケット課金情報収集終了
2184001   2013/03/08 02:25:02 ggp10  #.. パケット課金情報収集開始
2184002   2013/03/08 02:25:03 ggp10  #.. パケット課金情報収集終了
2184001   2013/03/08 02:30:02 ggp10  #.. パケット課金情報収集開始
2184002   2013/03/08 02:30:02 ggp10  #.. パケット課金情報収集終了
2184001   2013/03/08 02:35:02 ggp10  #.. パケット課金情報収集開始
2184002   2013/03/08 02:35:03 ggp10  #.. パケット課金情報収集終了
2184001   2013/03/08 02:40:02 ggp10  #.. パケット課金情報収集開始
2184002   2013/03/08 02:40:02 ggp10  #.. パケット課金情報収集終了
0022003   2013/03/08 02:42:15 fs00  *.. NTP時刻取得失敗
2184001   2013/03/08 02:45:02 ggp10  #.. パケット課金情報収集開始
2184002   2013/03/08 02:45:02 ggp10  #.. パケット課金情報収集終了
0022003   2013/03/08 02:46:32 fs00  *.. NTP時刻取得失敗
2184001   2013/03/08 02:50:02 ggp10  #.. パケット課金情報収集開始
2184002   2013/03/08 02:50:03 ggp10  #.. パケット課金情報収集終了
0022003   2013/03/08 02:50:49 fs00  *.. NTP時刻取得失敗
2184001   2013/03/08 02:55:02 ggp10  #.. パケット課金情報収集開始
2184002   2013/03/08 02:55:02 ggp10  #.. パケット課金情報収集終了
0022003   2013/03/08 02:55:06 fs00  *.. NTP時刻取得失敗
0022003   2013/03/08 02:59:29 fs10  *.. NTP時刻取得失敗
0002401   2013/03/08 02:59:29 fs10  #.. アラームログファイル削除  使用率=  3% ファイル名=msg130301.log 削除理由=保証期間切れ
2184001   2013/03/08 03:00:02 ggp10  #.. パケット課金情報収集開始
2184002   2013/03/08 03:00:02 ggp10  #.. パケット課金情報収集終了
0022003   2013/03/08 03:03:46 fs10  *.. NTP時刻取得失敗
2184001   2013/03/08 03:05:02 ggp10  #.. パケット課金情報収集開始
2184002   2013/03/08 03:05:03 ggp10  #.. パケット課金情報収集終了
0022003   2013/03/08 03:08:03 fs10  *.. NTP時刻取得失敗
2184001   2013/03/08 03:10:02 ggp10  #.. パケット課金情報収集開始
2184002   2013/03/08 03:10:02 ggp10  #.. パケット課金情報収集終了
0022003   2013/03/08 03:12:20 fs10  *.. NTP時刻取得失敗
0022003   2013/03/08 03:12:20 fs10  *.. NTP時刻取得失敗
2184001   2013/03/08 03:15:02 ggp10  #.. パケット課金情報収集開始
2184002   2013/03/08 03:15:02 ggp10  #.. パケット課金情報収集終了
0022003   2013/03/08 03:16:37 fs10  *.. NTP時刻取得失敗
2184001   2013/03/08 03:20:02 ggp10  #.. パケット課金情報収集開始
2184002   2013/03/08 03:20:03 ggp10  #.. パケット課金情報収集終了
0022003   2013/03/08 03:20:54 fs10  *.. NTP時刻取得失敗
2184001   2013/03/08 03:25:02 ggp10  #.. パケット課金情報収集開始
2184002   2013/03/08 03:25:02 ggp10  #.. パケット課金情報収集終了
0022003   2013/03/08 03:25:11 fs10  *.. NTP時刻取得失敗
0022003   2013/03/08 03:29:28 fs10  *.. NTP時刻取得失敗
2184001   2013/03/08 03:30:02 ggp10  #.. パケット課金情報収集開始
2184002   2013/03/08 03:30:03 ggp10  #.. パケット課金情報収集終了
3009002   2013/03/08 03:30:04 fs00  #.. MAP-ACバージョン管理テーブルクリア
0022003   2013/03/08 03:33:45 fs10  *.. NTP時刻取得失敗
2184001   2013/03/08 03:35:02 ggp10  #.. パケット課金情報収集開始
2184002   2013/03/08 03:35:02 ggp10  #.. パケット課金情報収集終了
0022003   2013/03/08 03:38:02 fs10  *.. NTP時刻取得失敗
2184001   2013/03/08 03:40:02 ggp10  #.. パケット課金情報収集開始
2184002   2013/03/08 03:40:02 ggp10  #.. パケット課金情報収集終了
0022003   2013/03/08 03:42:19 fs10  *.. NTP時刻取得失敗
2184001   2013/03/08 03:45:02 ggp10  #.. パケット課金情報収集開始
2184002   2013/03/08 03:45:03 ggp10  #.. パケット課金情報収集終了
2184001   2013/03/08 03:50:02 ggp10  #.. パケット課金情報収集開始
2184002   2013/03/08 03:50:02 ggp10  #.. パケット課金情報収集終了
2184001   2013/03/08 03:55:02 ggp10  #.. パケット課金情報収集開始
2184002   2013/03/08 03:55:02 ggp10  #.. パケット課金情報収集終了
2184001   2013/03/08 04:00:02 ggp10  #.. パケット課金情報収集開始
2184002   2013/03/08 04:00:03 ggp10  #.. パケット課金情報収集終了
2184001   2013/03/08 04:05:02 ggp10  #.. パケット課金情報収集開始
2184002   2013/03/08 04:05:02 ggp10  #.. パケット課金情報収集終了
0022003   2013/03/08 04:07:55 fs00  *.. NTP時刻取得失敗
2184001   2013/03/08 04:10:02 ggp10  #.. パケット課金情報収集開始
2184002   2013/03/08 04:10:02 ggp10  #.. パケット課金情報収集終了
0022003   2013/03/08 04:12:13 fs00  *.. NTP時刻取得失敗
2184001   2013/03/08 04:15:02 ggp10  #.. パケット課金情報収集開始
2184002   2013/03/08 04:15:02 ggp10  #.. パケット課金情報収集終了
0022003   2013/03/08 04:16:30 fs00  *.. NTP時刻取得失敗
2184001   2013/03/08 04:20:02 ggp10  #.. パケット課金情報収集開始
2184002   2013/03/08 04:20:02 ggp10  #.. パケット課金情報収集終了
0022003   2013/03/08 04:20:47 fs00  *.. NTP時刻取得失敗
2184001   2013/03/08 04:25:02 ggp10  #.. パケット課金情報収集開始
2184002   2013/03/08 04:25:03 ggp10  #.. パケット課金情報収集終了
2184001   2013/03/08 04:30:02 ggp10  #.. パケット課金情報収集開始
2184002   2013/03/08 04:30:02 ggp10  #.. パケット課金情報収集終了
2184001   2013/03/08 04:35:02 ggp10  #.. パケット課金情報収集開始
2184002   2013/03/08 04:35:02 ggp10  #.. パケット課金情報収集終了
2184001   2013/03/08 04:40:02 ggp10  #.. パケット課金情報収集開始
2184002   2013/03/08 04:40:03 ggp10  #.. パケット課金情報収集終了
2184001   2013/03/08 04:45:02 ggp10  #.. パケット課金情報収集開始
2184002   2013/03/08 04:45:02 ggp10  #.. パケット課金情報収集終了
2184001   2013/03/08 04:50:02 ggp10  #.. パケット課金情報収集開始
2184002   2013/03/08 04:50:02 ggp10  #.. パケット課金情報収集終了
2184001   2013/03/08 04:55:02 ggp10  #.. パケット課金情報収集開始
2184002   2013/03/08 04:55:03 ggp10  #.. パケット課金情報収集終了
2184001   2013/03/08 05:00:02 ggp10  #.. パケット課金情報収集開始
2184002   2013/03/08 05:00:02 ggp10  #.. パケット課金情報収集終了
2184001   2013/03/08 05:05:02 ggp10  #.. パケット課金情報収集開始
2184002   2013/03/08 05:05:03 ggp10  #.. パケット課金情報収集終了
2184001   2013/03/08 05:10:02 ggp10  #.. パケット課金情報収集開始
2184002   2013/03/08 05:10:02 ggp10  #.. パケット課金情報収集終了
2184001   2013/03/08 05:15:02 ggp10  #.. パケット課金情報収集開始
2184002   2013/03/08 05:15:02 ggp10  #.. パケット課金情報収集終了
2184001   2013/03/08 05:20:02 ggp10  #.. パケット課金情報収集開始
2184002   2013/03/08 05:20:03 ggp10  #.. パケット課金情報収集終了
2184001   2013/03/08 05:25:02 ggp10  #.. パケット課金情報収集開始
2184002   2013/03/08 05:25:02 ggp10  #.. パケット課金情報収集終了
2184001   2013/03/08 05:30:02 ggp10  #.. パケット課金情報収集開始
2184002   2013/03/08 05:30:02 ggp10  #.. パケット課金情報収集終了
2184001   2013/03/08 05:35:02 ggp10  #.. パケット課金情報収集開始
2184002   2013/03/08 05:35:03 ggp10  #.. パケット課金情報収集終了
2184001   2013/03/08 05:40:02 ggp10  #.. パケット課金情報収集開始
2184002   2013/03/08 05:40:02 ggp10  #.. パケット課金情報収集終了
2184001   2013/03/08 05:45:02 ggp10  #.. パケット課金情報収集開始
2184002   2013/03/08 05:45:02 ggp10  #.. パケット課金情報収集終了
2184001   2013/03/08 05:50:02 ggp10  #.. パケット課金情報収集開始
2184002   2013/03/08 05:50:03 ggp10  #.. パケット課金情報収集終了
2184001   2013/03/08 05:55:02 ggp10  #.. パケット課金情報収集開始
2184002   2013/03/08 05:55:02 ggp10  #.. パケット課金情報収集終了
2184001   2013/03/08 06:00:02 ggp10  #.. パケット課金情報収集開始
2184002   2013/03/08 06:00:03 ggp10  #.. パケット課金情報収集終了
2184001   2013/03/08 06:05:02 ggp10  #.. パケット課金情報収集開始
2184002   2013/03/08 06:05:02 ggp10  #.. パケット課金情報収集終了
2184001   2013/03/08 06:10:02 ggp10  #.. パケット課金情報収集開始
2184002   2013/03/08 06:10:02 ggp10  #.. パケット課金情報収集終了
2184001   2013/03/08 06:15:02 ggp10  #.. パケット課金情報収集開始
2184002   2013/03/08 06:15:03 ggp10  #.. パケット課金情報収集終了
2184001   2013/03/08 06:20:02 ggp10  #.. パケット課金情報収集開始
2184002   2013/03/08 06:20:02 ggp10  #.. パケット課金情報収集終了
2184001   2013/03/08 06:25:02 ggp10  #.. パケット課金情報収集開始
2184002   2013/03/08 06:25:02 ggp10  #.. パケット課金情報収集終了
2184001   2013/03/08 06:30:02 ggp10  #.. パケット課金情報収集開始
2184002   2013/03/08 06:30:03 ggp10  #.. パケット課金情報収集終了
2184001   2013/03/08 06:35:02 ggp10  #.. パケット課金情報収集開始
2184002   2013/03/08 06:35:02 ggp10  #.. パケット課金情報収集終了
2184001   2013/03/08 06:40:02 ggp10  #.. パケット課金情報収集開始
2184002   2013/03/08 06:40:02 ggp10  #.. パケット課金情報収集終了
2184001   2013/03/08 06:45:02 ggp10  #.. パケット課金情報収集開始
2184002   2013/03/08 06:45:03 ggp10  #.. パケット課金情報収集終了
2184001   2013/03/08 06:50:02 ggp10  #.. パケット課金情報収集開始
2184002   2013/03/08 06:50:02 ggp10  #.. パケット課金情報収集終了
2184001   2013/03/08 06:55:02 ggp10  #.. パケット課金情報収集開始
2184002   2013/03/08 06:55:03 ggp10  #.. パケット課金情報収集終了
2184001   2013/03/08 07:00:02 ggp10  #.. パケット課金情報収集開始
2184002   2013/03/08 07:00:02 ggp10  #.. パケット課金情報収集終了
2184001   2013/03/08 07:05:02 ggp10  #.. パケット課金情報収集開始
2184002   2013/03/08 07:05:02 ggp10  #.. パケット課金情報収集終了
2184001   2013/03/08 07:10:02 ggp10  #.. パケット課金情報収集開始
2184002   2013/03/08 07:10:03 ggp10  #.. パケット課金情報収集終了
2184001   2013/03/08 07:15:02 ggp10  #.. パケット課金情報収集開始
2184002   2013/03/08 07:15:02 ggp10  #.. パケット課金情報収集終了
2184001   2013/03/08 07:20:02 ggp10  #.. パケット課金情報収集開始
2184002   2013/03/08 07:20:02 ggp10  #.. パケット課金情報収集終了
2184001   2013/03/08 07:25:02 ggp10  #.. パケット課金情報収集開始
2184002   2013/03/08 07:25:03 ggp10  #.. パケット課金情報収集終了
2184001   2013/03/08 07:30:02 ggp10  #.. パケット課金情報収集開始
2184002   2013/03/08 07:30:02 ggp10  #.. パケット課金情報収集終了
2184001   2013/03/08 07:35:02 ggp10  #.. パケット課金情報収集開始
2184002   2013/03/08 07:35:02 ggp10  #.. パケット課金情報収集終了
2184001   2013/03/08 07:40:02 ggp10  #.. パケット課金情報収集開始
2184002   2013/03/08 07:40:02 ggp10  #.. パケット課金情報収集終了
2184001   2013/03/08 07:45:02 ggp10  #.. パケット課金情報収集開始
2184002   2013/03/08 07:45:02 ggp10  #.. パケット課金情報収集終了
2184001   2013/03/08 07:50:02 ggp10  #.. パケット課金情報収集開始
2184002   2013/03/08 07:50:03 ggp10  #.. パケット課金情報収集終了
2184001   2013/03/08 07:55:02 ggp10  #.. パケット課金情報収集開始
2184002   2013/03/08 07:55:02 ggp10  #.. パケット課金情報収集終了
2184001   2013/03/08 08:00:02 ggp10  #.. パケット課金情報収集開始
2184002   2013/03/08 08:00:02 ggp10  #.. パケット課金情報収集終了
0022003   2013/03/08 08:03:37 fs10  *.. NTP時刻取得失敗
2184001   2013/03/08 08:05:02 ggp10  #.. パケット課金情報収集開始
2184002   2013/03/08 08:05:03 ggp10  #.. パケット課金情報収集終了
0022003   2013/03/08 08:07:54 fs10  *.. NTP時刻取得失敗
2184001   2013/03/08 08:10:02 ggp10  #.. パケット課金情報収集開始
2184002   2013/03/08 08:10:02 ggp10  #.. パケット課金情報収集終了
0022003   2013/03/08 08:12:11 fs10  *.. NTP時刻取得失敗
2184001   2013/03/08 08:15:02 ggp10  #.. パケット課金情報収集開始
2184002   2013/03/08 08:15:02 ggp10  #.. パケット課金情報収集終了
0022003   2013/03/08 08:16:28 fs10  *.. NTP時刻取得失敗
2184001   2013/03/08 08:20:02 ggp10  #.. パケット課金情報収集開始
2184002   2013/03/08 08:20:03 ggp10  #.. パケット課金情報収集終了
2184001   2013/03/08 08:25:02 ggp10  #.. パケット課金情報収集開始
2184002   2013/03/08 08:25:02 ggp10  #.. パケット課金情報収集終了
2184001   2013/03/08 08:30:02 ggp10  #.. パケット課金情報収集開始
2184002   2013/03/08 08:30:03 ggp10  #.. パケット課金情報収集終了
2184001   2013/03/08 08:35:02 ggp10  #.. パケット課金情報収集開始
2184002   2013/03/08 08:35:02 ggp10  #.. パケット課金情報収集終了
2184001   2013/03/08 08:40:02 ggp10  #.. パケット課金情報収集開始
2184002   2013/03/08 08:40:02 ggp10  #.. パケット課金情報収集終了
2184001   2013/03/08 08:45:02 ggp10  #.. パケット課金情報収集開始
2184002   2013/03/08 08:45:03 ggp10  #.. パケット課金情報収集終了
2184001   2013/03/08 08:50:02 ggp10  #.. パケット課金情報収集開始
2184002   2013/03/08 08:50:02 ggp10  #.. パケット課金情報収集終了
2210011   2013/03/08 08:50:34 fs00  #.. APN展開情報ファイル定期反映完了
2184001   2013/03/08 08:55:02 ggp10  #.. パケット課金情報収集開始
2184002   2013/03/08 08:55:02 ggp10  #.. パケット課金情報収集終了
0022003   2013/03/08 08:59:18 fs10  *.. NTP時刻取得失敗
2184001   2013/03/08 09:00:02 ggp10  #.. パケット課金情報収集開始
2184002   2013/03/08 09:00:03 ggp10  #.. パケット課金情報収集終了
0022003   2013/03/08 09:03:35 fs10  *.. NTP時刻取得失敗
2184001   2013/03/08 09:05:02 ggp10  #.. パケット課金情報収集開始
2184002   2013/03/08 09:05:02 ggp10  #.. パケット課金情報収集終了
0022003   2013/03/08 09:07:52 fs10  *.. NTP時刻取得失敗
2184001   2013/03/08 09:10:02 ggp10  #.. パケット課金情報収集開始
2184002   2013/03/08 09:10:02 ggp10  #.. パケット課金情報収集終了
0022003   2013/03/08 09:12:09 fs10  *.. NTP時刻取得失敗
2184001   2013/03/08 09:15:02 ggp10  #.. パケット課金情報収集開始
2184002   2013/03/08 09:15:03 ggp10  #.. パケット課金情報収集終了
0022003   2013/03/08 09:16:26 fs10  *.. NTP時刻取得失敗
2184001   2013/03/08 09:20:02 ggp10  #.. パケット課金情報収集開始
2184002   2013/03/08 09:20:02 ggp10  #.. パケット課金情報収集終了
0022003   2013/03/08 09:20:43 fs10  *.. NTP時刻取得失敗
0022003   2013/03/08 09:25:00 fs10  *.. NTP時刻取得失敗
2184001   2013/03/08 09:25:02 ggp10  #.. パケット課金情報収集開始
2184002   2013/03/08 09:25:03 ggp10  #.. パケット課金情報収集終了
0022003   2013/03/08 09:29:17 fs10  *.. NTP時刻取得失敗
2184001   2013/03/08 09:30:02 ggp10  #.. パケット課金情報収集開始
2184002   2013/03/08 09:30:02 ggp10  #.. パケット課金情報収集終了
2184001   2013/03/08 09:35:02 ggp10  #.. パケット課金情報収集開始
2184002   2013/03/08 09:35:02 ggp10  #.. パケット課金情報収集終了
2184001   2013/03/08 09:40:02 ggp10  #.. パケット課金情報収集開始
2184002   2013/03/08 09:40:03 ggp10  #.. パケット課金情報収集終了
2184001   2013/03/08 09:45:02 ggp10  #.. パケット課金情報収集開始
2184002   2013/03/08 09:45:02 ggp10  #.. パケット課金情報収集終了
2184001   2013/03/08 09:50:02 ggp10  #.. パケット課金情報収集開始
2184002   2013/03/08 09:50:02 ggp10  #.. パケット課金情報収集終了
2184001   2013/03/08 09:55:02 ggp10  #.. パケット課金情報収集開始
2184002   2013/03/08 09:55:03 ggp10  #.. パケット課金情報収集終了
2184001   2013/03/08 10:00:02 ggp10  #.. パケット課金情報収集開始
2184002   2013/03/08 10:00:02 ggp10  #.. パケット課金情報収集終了
2184001   2013/03/08 10:05:02 ggp10  #.. パケット課金情報収集開始
2184002   2013/03/08 10:05:02 ggp10  #.. パケット課金情報収集終了
2184001   2013/03/08 10:10:02 ggp10  #.. パケット課金情報収集開始
2184002   2013/03/08 10:10:03 ggp10  #.. パケット課金情報収集終了
2184001   2013/03/08 10:15:02 ggp10  #.. パケット課金情報収集開始
2184002   2013/03/08 10:15:02 ggp10  #.. パケット課金情報収集終了
2184001   2013/03/08 10:20:02 ggp10  #.. パケット課金情報収集開始
2184002   2013/03/08 10:20:03 ggp10  #.. パケット課金情報収集終了
2184001   2013/03/08 10:25:02 ggp10  #.. パケット課金情報収集開始
2184002   2013/03/08 10:25:02 ggp10  #.. パケット課金情報収集終了
2184001   2013/03/08 10:30:02 ggp10  #.. パケット課金情報収集開始
2184002   2013/03/08 10:30:02 ggp10  #.. パケット課金情報収集終了
2184001   2013/03/08 10:35:02 ggp10  #.. パケット課金情報収集開始
2184002   2013/03/08 10:35:03 ggp10  #.. パケット課金情報収集終了
2184001   2013/03/08 10:40:02 ggp10  #.. パケット課金情報収集開始
2184002   2013/03/08 10:40:02 ggp10  #.. パケット課金情報収集終了
2184001   2013/03/08 10:45:02 ggp10  #.. パケット課金情報収集開始
2184002   2013/03/08 10:45:02 ggp10  #.. パケット課金情報収集終了
2184001   2013/03/08 10:50:02 ggp10  #.. パケット課金情報収集開始
2184002   2013/03/08 10:50:03 ggp10  #.. パケット課金情報収集終了
0022003   2013/03/08 10:54:57 fs10  *.. NTP時刻取得失敗
2184001   2013/03/08 10:55:02 ggp10  #.. パケット課金情報収集開始
2184002   2013/03/08 10:55:02 ggp10  #.. パケット課金情報収集終了
0022003   2013/03/08 10:59:14 fs10  *.. NTP時刻取得失敗
2184001   2013/03/08 11:00:02 ggp10  #.. パケット課金情報収集開始
2184002   2013/03/08 11:00:02 ggp10  #.. パケット課金情報収集終了
0022003   2013/03/08 11:03:31 fs10  *.. NTP時刻取得失敗
2184001   2013/03/08 11:05:02 ggp10  #.. パケット課金情報収集開始
2184002   2013/03/08 11:05:02 ggp10  #.. パケット課金情報収集終了
0022003   2013/03/08 11:07:48 fs10  *.. NTP時刻取得失敗
2184001   2013/03/08 11:10:02 ggp10  #.. パケット課金情報収集開始
2184002   2013/03/08 11:10:02 ggp10  #.. パケット課金情報収集終了
2184001   2013/03/08 11:15:02 ggp10  #.. パケット課金情報収集開始
2184002   2013/03/08 11:15:03 ggp10  #.. パケット課金情報収集終了
2184001   2013/03/08 11:20:02 ggp10  #.. パケット課金情報収集開始
2184002   2013/03/08 11:20:02 ggp10  #.. パケット課金情報収集終了
2184001   2013/03/08 11:25:02 ggp10  #.. パケット課金情報収集開始
2184002   2013/03/08 11:25:02 ggp10  #.. パケット課金情報収集終了
0022003   2013/03/08 11:29:09 fs00  *.. NTP時刻取得失敗
2184001   2013/03/08 11:30:02 ggp10  #.. パケット課金情報収集開始
2184002   2013/03/08 11:30:03 ggp10  #.. パケット課金情報収集終了
0022003   2013/03/08 11:33:26 fs00  *.. NTP時刻取得失敗
2184001   2013/03/08 11:35:02 ggp10  #.. パケット課金情報収集開始
2184002   2013/03/08 11:35:02 ggp10  #.. パケット課金情報収集終了
0022003   2013/03/08 11:37:43 fs00  *.. NTP時刻取得失敗
2184001   2013/03/08 11:40:02 ggp10  #.. パケット課金情報収集開始
2184002   2013/03/08 11:40:02 ggp10  #.. パケット課金情報収集終了
0022003   2013/03/08 11:42:00 fs00  *.. NTP時刻取得失敗
2184001   2013/03/08 11:45:02 ggp10  #.. パケット課金情報収集開始
2184002   2013/03/08 11:45:03 ggp10  #.. パケット課金情報収集終了
2184001   2013/03/08 11:50:02 ggp10  #.. パケット課金情報収集開始
2184002   2013/03/08 11:50:02 ggp10  #.. パケット課金情報収集終了
2184001   2013/03/08 11:55:02 ggp10  #.. パケット課金情報収集開始
2184002   2013/03/08 11:55:03 ggp10  #.. パケット課金情報収集終了
2184001   2013/03/08 12:00:02 ggp10  #.. パケット課金情報収集開始
2184002   2013/03/08 12:00:02 ggp10  #.. パケット課金情報収集終了
2184001   2013/03/08 12:05:02 ggp10  #.. パケット課金情報収集開始
2184002   2013/03/08 12:05:02 ggp10  #.. パケット課金情報収集終了
2184001   2013/03/08 12:10:02 ggp10  #.. パケット課金情報収集開始
2184002   2013/03/08 12:10:03 ggp10  #.. パケット課金情報収集終了
2184001   2013/03/08 12:15:02 ggp10  #.. パケット課金情報収集開始
2184002   2013/03/08 12:15:02 ggp10  #.. パケット課金情報収集終了
2184001   2013/03/08 12:20:02 ggp10  #.. パケット課金情報収集開始
2184002   2013/03/08 12:20:02 ggp10  #.. パケット課金情報収集終了
2184001   2013/03/08 12:25:02 ggp10  #.. パケット課金情報収集開始
2184002   2013/03/08 12:25:03 ggp10  #.. パケット課金情報収集終了
2184001   2013/03/08 12:30:02 ggp10  #.. パケット課金情報収集開始
2184002   2013/03/08 12:30:02 ggp10  #.. パケット課金情報収集終了
2184001   2013/03/08 12:35:02 ggp10  #.. パケット課金情報収集開始
2184002   2013/03/08 12:35:02 ggp10  #.. パケット課金情報収集終了
2184001   2013/03/08 12:40:02 ggp10  #.. パケット課金情報収集開始
2184002   2013/03/08 12:40:03 ggp10  #.. パケット課金情報収集終了
2184001   2013/03/08 12:45:02 ggp10  #.. パケット課金情報収集開始
2184002   2013/03/08 12:45:02 ggp10  #.. パケット課金情報収集終了
2184001   2013/03/08 12:50:02 ggp10  #.. パケット課金情報収集開始
2184002   2013/03/08 12:50:03 ggp10  #.. パケット課金情報収集終了
2184001   2013/03/08 12:55:02 ggp10  #.. パケット課金情報収集開始
2184002   2013/03/08 12:55:02 ggp10  #.. パケット課金情報収集終了
0022003   2013/03/08 12:59:11 fs10  *.. NTP時刻取得失敗
2184001   2013/03/08 13:00:02 ggp10  #.. パケット課金情報収集開始
2184002   2013/03/08 13:00:02 ggp10  #.. パケット課金情報収集終了
0022003   2013/03/08 13:03:28 fs10  *.. NTP時刻取得失敗
2184001   2013/03/08 13:05:02 ggp10  #.. パケット課金情報収集開始
2184002   2013/03/08 13:05:03 ggp10  #.. パケット課金情報収集終了
0022003   2013/03/08 13:07:45 fs10  *.. NTP時刻取得失敗
2184001   2013/03/08 13:10:02 ggp10  #.. パケット課金情報収集開始
2184002   2013/03/08 13:10:02 ggp10  #.. パケット課金情報収集終了
0022003   2013/03/08 13:12:02 fs10  *.. NTP時刻取得失敗
2184001   2013/03/08 13:15:02 ggp10  #.. パケット課金情報収集開始
2184002   2013/03/08 13:15:02 ggp10  #.. パケット課金情報収集終了
0009008   2013/03/08 13:15:59 fs00  #.. データバックアップ開始    ファイル種別=ref
2184001   2013/03/08 13:20:02 ggp10  #.. パケット課金情報収集開始
2184002   2013/03/08 13:20:03 ggp10  #.. パケット課金情報収集終了
2184001   2013/03/08 13:25:02 ggp10  #.. パケット課金情報収集開始
2184002   2013/03/08 13:25:02 ggp10  #.. パケット課金情報収集終了
2184001   2013/03/08 13:30:02 ggp10  #.. パケット課金情報収集開始
2184002   2013/03/08 13:30:02 ggp10  #.. パケット課金情報収集終了
0022003   2013/03/08 13:33:23 fs00  *.. NTP時刻取得失敗
2184001   2013/03/08 13:35:03 ggp10  #.. パケット課金情報収集開始
2184002   2013/03/08 13:35:03 ggp10  #.. パケット課金情報収集終了
0022003   2013/03/08 13:37:40 fs00  *.. NTP時刻取得失敗
2184001   2013/03/08 13:40:02 ggp10  #.. パケット課金情報収集開始
2184002   2013/03/08 13:40:02 ggp10  #.. パケット課金情報収集終了
0022003   2013/03/08 13:41:57 fs00  *.. NTP時刻取得失敗
0009008   2013/03/08 13:42:57 fs00  #.. データバックアップ開始    ファイル種別=ref
2184001   2013/03/08 13:45:02 ggp10  #.. パケット課金情報収集開始
2184002   2013/03/08 13:45:03 ggp10  #.. パケット課金情報収集終了
0022003   2013/03/08 13:46:14 fs00  *.. NTP時刻取得失敗
2184001   2013/03/08 13:50:02 ggp10  #.. パケット課金情報収集開始
2184002   2013/03/08 13:50:02 ggp10  #.. パケット課金情報収集終了
0022003   2013/03/08 13:50:31 fs00  *.. NTP時刻取得失敗
0022003   2013/03/08 13:54:48 fs00  *.. NTP時刻取得失敗
2184001   2013/03/08 13:55:02 ggp10  #.. パケット課金情報収集開始
2184002   2013/03/08 13:55:02 ggp10  #.. パケット課金情報収集終了
0022003   2013/03/08 13:59:05 fs00  *.. NTP時刻取得失敗
2184001   2013/03/08 14:00:02 ggp10  #.. パケット課金情報収集開始
2184002   2013/03/08 14:00:03 ggp10  #.. パケット課金情報収集終了
0022003   2013/03/08 14:03:22 fs00  *.. NTP時刻取得失敗
2184001   2013/03/08 14:05:02 ggp10  #.. パケット課金情報収集開始
2184002   2013/03/08 14:05:02 ggp10  #.. パケット課金情報収集終了
0009008   2013/03/08 14:07:01 fs00  #.. データバックアップ開始    ファイル種別=ref
2184001   2013/03/08 14:10:02 ggp10  #.. パケット課金情報収集開始
2184002   2013/03/08 14:10:02 ggp10  #.. パケット課金情報収集終了
2184001   2013/03/08 14:15:02 ggp10  #.. パケット課金情報収集開始
2184002   2013/03/08 14:15:03 ggp10  #.. パケット課金情報収集終了
2184001   2013/03/08 14:20:02 ggp10  #.. パケット課金情報収集開始
2184002   2013/03/08 14:20:02 ggp10  #.. パケット課金情報収集終了
2184001   2013/03/08 14:25:02 ggp10  #.. パケット課金情報収集開始
2184002   2013/03/08 14:25:02 ggp10  #.. パケット課金情報収集終了
2184001   2013/03/08 14:30:02 ggp10  #.. パケット課金情報収集開始
2184002   2013/03/08 14:30:02 ggp10  #.. パケット課金情報収集終了
0009009   2013/03/08 14:34:51 fs00  #.. データバックアップ完了    ファイル種別=ref
2184001   2013/03/08 14:35:02 ggp10  #.. パケット課金情報収集開始
2184002   2013/03/08 14:35:02 ggp10  #.. パケット課金情報収集終了
2184001   2013/03/08 14:40:02 ggp10  #.. パケット課金情報収集開始
2184002   2013/03/08 14:40:03 ggp10  #.. パケット課金情報収集終了
2184001   2013/03/08 14:45:02 ggp10  #.. パケット課金情報収集開始
2184002   2013/03/08 14:45:02 ggp10  #.. パケット課金情報収集終了
1216007   2013/03/08 14:46:39 fs00  #.. SGSN-UP閉塞完了 sgu00
1216007   2013/03/08 14:46:46 fs00  #.. SGSN-UP閉塞完了 sgu01
1216007   2013/03/08 14:46:48 fs00  #.. SGSN-UP閉塞完了 sgu02
1216007   2013/03/08 14:46:53 fs00  #.. SGSN-UP閉塞完了 sgu03
1216007   2013/03/08 14:47:07 fs00  #.. SGSN-UP閉塞完了 sgu04
0018054   2013/03/08 14:47:48 fs0  **. ＳＳＷポートリンクＤＯＷＮ ssw01 f_port08
0018054   2013/03/08 14:47:48 fs0  **. ＳＳＷポートリンクＤＯＷＮ ssw11 f_port08
0013001   2013/03/08 14:47:55 fs00  *** ノード間通信路障害  sgu00
0013001   2013/03/08 14:47:55 sgp10  *** ノード間通信路障害  sgu00
0002401   2013/03/08 14:47:55 sgp10  #.. アラームログファイル削除  使用率=  3% ファイル名=msg130226.log 削除理由=保証期間切れ
0013001   2013/03/08 14:47:56 sgp11  *** ノード間通信路障害  sgu00
0002401   2013/03/08 14:47:56 sgp11  #.. アラームログファイル削除  使用率=  3% ファイル名=msg130226.log 削除理由=保証期間切れ
2184001   2013/03/08 14:50:02 ggp10  #.. パケット課金情報収集開始
2184002   2013/03/08 14:50:02 ggp10  #.. パケット課金情報収集終了
0013002   2013/03/08 14:51:50 fs00  ##. ノード間通信路障害復旧  sgu00
0013002   2013/03/08 14:51:50 sgp10  ##. ノード間通信路障害復旧  sgu00
0013002   2013/03/08 14:51:50 sgp11  ##. ノード間通信路障害復旧  sgu00
0018055   2013/03/08 14:51:58 fs0  ##. ＳＳＷポートリンクＵＰ ssw01 f_port08
0018055   2013/03/08 14:51:58 fs0  ##. ＳＳＷポートリンクＵＰ ssw11 f_port08
0017011   2013/03/08 14:51:58 fs00  #.. 装置状態変更通知 sgu00    st=ous         md=uum
0013001   2013/03/08 14:52:32 sgp10  *** ノード間通信路障害  sgu01
0013001   2013/03/08 14:52:35 sgp11  *** ノード間通信路障害  sgu01
0013001   2013/03/08 14:52:35 fs00  *** ノード間通信路障害  sgu01
2184001   2013/03/08 14:55:02 ggp10  #.. パケット課金情報収集開始
2184002   2013/03/08 14:55:03 ggp10  #.. パケット課金情報収集終了
0013002   2013/03/08 14:56:31 fs00  ##. ノード間通信路障害復旧  sgu01
0013002   2013/03/08 14:56:31 sgp10  ##. ノード間通信路障害復旧  sgu01
0013002   2013/03/08 14:56:31 sgp11  ##. ノード間通信路障害復旧  sgu01
0017011   2013/03/08 14:56:37 fs00  #.. 装置状態変更通知 sgu01    st=ous         md=uum
0013001   2013/03/08 14:57:13 sgp10  *** ノード間通信路障害  sgu02
0013001   2013/03/08 14:57:14 sgp11  *** ノード間通信路障害  sgu02
0013001   2013/03/08 14:57:14 fs00  *** ノード間通信路障害  sgu02
2184001   2013/03/08 15:00:02 ggp10  #.. パケット課金情報収集開始
2184002   2013/03/08 15:00:02 ggp10  #.. パケット課金情報収集終了
0013002   2013/03/08 15:01:12 fs00  ##. ノード間通信路障害復旧  sgu02
0013002   2013/03/08 15:01:12 sgp10  ##. ノード間通信路障害復旧  sgu02
0013002   2013/03/08 15:01:12 sgp11  ##. ノード間通信路障害復旧  sgu02
0017011   2013/03/08 15:01:18 fs00  #.. 装置状態変更通知 sgu02    st=ous         md=uum
0013001   2013/03/08 15:02:06 sgp11  *** ノード間通信路障害  sgu03
0013001   2013/03/08 15:02:07 fs00  *** ノード間通信路障害  sgu03
0013001   2013/03/08 15:02:07 sgp10  *** ノード間通信路障害  sgu03
2184001   2013/03/08 15:05:02 ggp10  #.. パケット課金情報収集開始
2184002   2013/03/08 15:05:02 ggp10  #.. パケット課金情報収集終了
0013002   2013/03/08 15:06:07 fs00  ##. ノード間通信路障害復旧  sgu03
0013002   2013/03/08 15:06:07 sgp10  ##. ノード間通信路障害復旧  sgu03
0013002   2013/03/08 15:06:07 sgp11  ##. ノード間通信路障害復旧  sgu03
0017011   2013/03/08 15:06:13 fs00  #.. 装置状態変更通知 sgu03    st=ous         md=uum
0013001   2013/03/08 15:06:50 sgp10  *** ノード間通信路障害  sgu04
0013001   2013/03/08 15:06:50 sgp11  *** ノード間通信路障害  sgu04
0013001   2013/03/08 15:06:50 fs00  *** ノード間通信路障害  sgu04
1156105   2013/03/08 15:07:01 fs00  #.. トラヒック短周期観測ファイル作成失敗通知
1156105   2013/03/08 15:08:01 fs00  #.. トラヒック短周期観測ファイル作成失敗通知
1156105   2013/03/08 15:09:01 fs00  #.. トラヒック短周期観測ファイル作成失敗通知
1156105   2013/03/08 15:10:01 fs00  #.. トラヒック短周期観測ファイル作成失敗通知
2184001   2013/03/08 15:10:02 ggp10  #.. パケット課金情報収集開始
2184002   2013/03/08 15:10:03 ggp10  #.. パケット課金情報収集終了
0013002   2013/03/08 15:10:51 fs00  ##. ノード間通信路障害復旧  sgu04
0013002   2013/03/08 15:10:51 sgp10  ##. ノード間通信路障害復旧  sgu04
0013002   2013/03/08 15:10:51 sgp11  ##. ノード間通信路障害復旧  sgu04
0017011   2013/03/08 15:10:59 fs00  #.. 装置状態変更通知 sgu04    st=ous         md=uum
1156105   2013/03/08 15:11:01 fs00  #.. トラヒック短周期観測ファイル作成失敗通知


---- message output statistics ---------------------------------------------------------
      3  0002401   #.. アラームログファイル削除  使用率=  3% ファイル名=msg130226.log 削除理由=保証期間切れ
      3  0009008   #.. データバックアップ開始    ファイル種別=ref
      1  0009009   #.. データバックアップ完了    ファイル種別=ref
     15  0013001   *** ノード間通信路障害  sgu04
     15  0013002   ##. ノード間通信路障害復旧  sgu04
      5  0017011   #.. 装置状態変更通知 sgu04    st=ous         md=uum
      2  0018054   **. ＳＳＷポートリンクＤＯＷＮ ssw11 f_port08
      2  0018055   ##. ＳＳＷポートリンクＵＰ ssw11 f_port08
     56  0022003   *.. NTP時刻取得失敗
      5  1156105   #.. トラヒック短周期観測ファイル作成失敗通知
      5  1216007   #.. SGSN-UP閉塞完了 sgu04
    182  2184001   #.. パケット課金情報収集開始
    182  2184002   #.. パケット課金情報収集終了
      1  2210011   #.. APN展開情報ファイル定期反映完了
      1  3001050   *** 明細ＢＩＬＬ生成時刻異常
      1  3009002   #.. MAP-ACバージョン管理テーブルクリア
